{"/home/lucian/Documents/uni/SD/Funding-Website/constants/roles.js": {"path":"/home/lucian/Documents/uni/SD/Funding-Website/constants/roles.js","statementMap":{"0":{"start":{"line":1,"column":23},"end":{"line":1,"column":39}},"1":{"start":{"line":2,"column":24},"end":{"line":2,"column":41}},"2":{"start":{"line":3,"column":18},"end":{"line":3,"column":29}},"3":{"start":{"line":5,"column":0},"end":{"line":9,"column":2}}},"fnMap":{},"branchMap":{},"s":{"0":3,"1":3,"2":3,"3":3},"f":{},"b":{},"_coverageSchema":"1a1c01bbd47fc00a2c39e90264f33305004495a9","hash":"a8d6e45d6465c70528c8e6745a6b07f9f0380ced"}
,"/home/lucian/Documents/uni/SD/Funding-Website/controllers/loginController.js": {"path":"/home/lucian/Documents/uni/SD/Funding-Website/controllers/loginController.js","statementMap":{"0":{"start":{"line":1,"column":12},"end":{"line":1,"column":35}},"1":{"start":{"line":2,"column":0},"end":{"line":2,"column":27}},"2":{"start":{"line":4,"column":21},"end":{"line":4,"column":58}},"3":{"start":{"line":6,"column":13},"end":{"line":6,"column":38}},"4":{"start":{"line":8,"column":24},"end":{"line":51,"column":2}},"5":{"start":{"line":10,"column":32},"end":{"line":10,"column":40}},"6":{"start":{"line":12,"column":4},"end":{"line":15,"column":5}},"7":{"start":{"line":13,"column":8},"end":{"line":13,"column":90}},"8":{"start":{"line":14,"column":8},"end":{"line":14,"column":15}},"9":{"start":{"line":17,"column":15},"end":{"line":17,"column":78}},"10":{"start":{"line":19,"column":4},"end":{"line":22,"column":5}},"11":{"start":{"line":20,"column":8},"end":{"line":20,"column":82}},"12":{"start":{"line":21,"column":8},"end":{"line":21,"column":15}},"13":{"start":{"line":26,"column":17},"end":{"line":26,"column":26}},"14":{"start":{"line":28,"column":24},"end":{"line":37,"column":5}},"15":{"start":{"line":39,"column":25},"end":{"line":43,"column":5}},"16":{"start":{"line":45,"column":4},"end":{"line":45,"column":75}},"17":{"start":{"line":48,"column":4},"end":{"line":48,"column":85}},"18":{"start":{"line":50,"column":4},"end":{"line":50,"column":55}},"19":{"start":{"line":53,"column":0},"end":{"line":53,"column":33}}},"fnMap":{"0":{"name":"(anonymous_0)","decl":{"start":{"line":8,"column":37},"end":{"line":8,"column":38}},"loc":{"start":{"line":8,"column":57},"end":{"line":51,"column":1}},"line":8}},"branchMap":{"0":{"loc":{"start":{"line":12,"column":4},"end":{"line":15,"column":5}},"type":"if","locations":[{"start":{"line":12,"column":4},"end":{"line":15,"column":5}},{"start":{},"end":{}}],"line":12},"1":{"loc":{"start":{"line":12,"column":8},"end":{"line":12,"column":27}},"type":"binary-expr","locations":[{"start":{"line":12,"column":8},"end":{"line":12,"column":14}},{"start":{"line":12,"column":18},"end":{"line":12,"column":27}}],"line":12},"2":{"loc":{"start":{"line":19,"column":4},"end":{"line":22,"column":5}},"type":"if","locations":[{"start":{"line":19,"column":4},"end":{"line":22,"column":5}},{"start":{},"end":{}}],"line":19}},"s":{"0":1,"1":1,"2":1,"3":1,"4":1,"5":6,"6":6,"7":3,"8":3,"9":3,"10":3,"11":1,"12":1,"13":2,"14":2,"15":2,"16":2,"17":1,"18":1,"19":1},"f":{"0":6},"b":{"0":[3,3],"1":[6,4],"2":[1,2]},"_coverageSchema":"1a1c01bbd47fc00a2c39e90264f33305004495a9","hash":"60ecc1d62f1b6f4664046d59bdb797a9ff04e981"}
,"/home/lucian/Documents/uni/SD/Funding-Website/controllers/logoutController.js": {"path":"/home/lucian/Documents/uni/SD/Funding-Website/controllers/logoutController.js","statementMap":{"0":{"start":{"line":2,"column":13},"end":{"line":2,"column":38}},"1":{"start":{"line":3,"column":21},"end":{"line":3,"column":58}},"2":{"start":{"line":5,"column":25},"end":{"line":35,"column":2}},"3":{"start":{"line":7,"column":20},"end":{"line":7,"column":31}},"4":{"start":{"line":9,"column":4},"end":{"line":17,"column":5}},"5":{"start":{"line":10,"column":8},"end":{"line":10,"column":75}},"6":{"start":{"line":11,"column":8},"end":{"line":11,"column":15}},"7":{"start":{"line":13,"column":8},"end":{"line":16,"column":9}},"8":{"start":{"line":14,"column":12},"end":{"line":14,"column":79}},"9":{"start":{"line":15,"column":12},"end":{"line":15,"column":19}},"10":{"start":{"line":19,"column":25},"end":{"line":19,"column":36}},"11":{"start":{"line":21,"column":17},"end":{"line":21,"column":74}},"12":{"start":{"line":23,"column":4},"end":{"line":27,"column":5}},"13":{"start":{"line":24,"column":8},"end":{"line":24,"column":51}},"14":{"start":{"line":25,"column":8},"end":{"line":25,"column":80}},"15":{"start":{"line":26,"column":8},"end":{"line":26,"column":15}},"16":{"start":{"line":30,"column":4},"end":{"line":30,"column":27}},"17":{"start":{"line":31,"column":4},"end":{"line":31,"column":22}},"18":{"start":{"line":33,"column":4},"end":{"line":33,"column":47}},"19":{"start":{"line":34,"column":4},"end":{"line":34,"column":76}},"20":{"start":{"line":37,"column":0},"end":{"line":37,"column":34}}},"fnMap":{"0":{"name":"(anonymous_0)","decl":{"start":{"line":5,"column":38},"end":{"line":5,"column":39}},"loc":{"start":{"line":5,"column":58},"end":{"line":35,"column":1}},"line":5}},"branchMap":{"0":{"loc":{"start":{"line":9,"column":4},"end":{"line":17,"column":5}},"type":"if","locations":[{"start":{"line":9,"column":4},"end":{"line":17,"column":5}},{"start":{"line":12,"column":11},"end":{"line":17,"column":5}}],"line":9},"1":{"loc":{"start":{"line":13,"column":8},"end":{"line":16,"column":9}},"type":"if","locations":[{"start":{"line":13,"column":8},"end":{"line":16,"column":9}},{"start":{},"end":{}}],"line":13},"2":{"loc":{"start":{"line":23,"column":4},"end":{"line":27,"column":5}},"type":"if","locations":[{"start":{"line":23,"column":4},"end":{"line":27,"column":5}},{"start":{},"end":{}}],"line":23}},"s":{"0":1,"1":1,"2":1,"3":4,"4":4,"5":1,"6":1,"7":3,"8":1,"9":1,"10":2,"11":2,"12":2,"13":1,"14":1,"15":1,"16":1,"17":1,"18":1,"19":1,"20":1},"f":{"0":4},"b":{"0":[1,3],"1":[1,2],"2":[1,1]},"_coverageSchema":"1a1c01bbd47fc00a2c39e90264f33305004495a9","hash":"498adafa362d7d75588dba8eecbdd052736c5727"}
,"/home/lucian/Documents/uni/SD/Funding-Website/controllers/registerController.js": {"path":"/home/lucian/Documents/uni/SD/Funding-Website/controllers/registerController.js","statementMap":{"0":{"start":{"line":10,"column":13},"end":{"line":10,"column":38}},"1":{"start":{"line":11,"column":18},"end":{"line":11,"column":48}},"2":{"start":{"line":12,"column":23},"end":{"line":12,"column":58}},"3":{"start":{"line":13,"column":21},"end":{"line":13,"column":58}},"4":{"start":{"line":15,"column":27},"end":{"line":61,"column":2}},"5":{"start":{"line":16,"column":53},"end":{"line":16,"column":61}},"6":{"start":{"line":18,"column":4},"end":{"line":21,"column":5}},"7":{"start":{"line":19,"column":8},"end":{"line":19,"column":119}},"8":{"start":{"line":20,"column":8},"end":{"line":20,"column":15}},"9":{"start":{"line":23,"column":26},"end":{"line":23,"column":69}},"10":{"start":{"line":26,"column":4},"end":{"line":29,"column":5}},"11":{"start":{"line":27,"column":8},"end":{"line":27,"column":113}},"12":{"start":{"line":28,"column":8},"end":{"line":28,"column":14}},"13":{"start":{"line":32,"column":4},"end":{"line":58,"column":5}},"14":{"start":{"line":33,"column":8},"end":{"line":38,"column":11}},"15":{"start":{"line":39,"column":24},"end":{"line":39,"column":67}},"16":{"start":{"line":40,"column":8},"end":{"line":45,"column":11}},"17":{"start":{"line":47,"column":8},"end":{"line":51,"column":11}},"18":{"start":{"line":52,"column":24},"end":{"line":52,"column":67}},"19":{"start":{"line":53,"column":8},"end":{"line":57,"column":11}},"20":{"start":{"line":60,"column":4},"end":{"line":60,"column":97}},"21":{"start":{"line":63,"column":0},"end":{"line":63,"column":36}}},"fnMap":{"0":{"name":"(anonymous_0)","decl":{"start":{"line":15,"column":40},"end":{"line":15,"column":41}},"loc":{"start":{"line":15,"column":60},"end":{"line":61,"column":1}},"line":15}},"branchMap":{"0":{"loc":{"start":{"line":18,"column":4},"end":{"line":21,"column":5}},"type":"if","locations":[{"start":{"line":18,"column":4},"end":{"line":21,"column":5}},{"start":{},"end":{}}],"line":18},"1":{"loc":{"start":{"line":18,"column":8},"end":{"line":18,"column":36}},"type":"binary-expr","locations":[{"start":{"line":18,"column":8},"end":{"line":18,"column":13}},{"start":{"line":18,"column":17},"end":{"line":18,"column":26}},{"start":{"line":18,"column":30},"end":{"line":18,"column":36}}],"line":18},"2":{"loc":{"start":{"line":26,"column":4},"end":{"line":29,"column":5}},"type":"if","locations":[{"start":{"line":26,"column":4},"end":{"line":29,"column":5}},{"start":{},"end":{}}],"line":26},"3":{"loc":{"start":{"line":32,"column":4},"end":{"line":58,"column":5}},"type":"if","locations":[{"start":{"line":32,"column":4},"end":{"line":58,"column":5}},{"start":{"line":46,"column":11},"end":{"line":58,"column":5}}],"line":32}},"s":{"0":1,"1":1,"2":1,"3":1,"4":1,"5":8,"6":8,"7":7,"8":7,"9":1,"10":1,"11":1,"12":1,"13":0,"14":0,"15":0,"16":0,"17":0,"18":0,"19":0,"20":0,"21":1},"f":{"0":8},"b":{"0":[7,1],"1":[8,4,2],"2":[1,0],"3":[0,0]},"_coverageSchema":"1a1c01bbd47fc00a2c39e90264f33305004495a9","hash":"1310800bb6824f02a71108e8821f50ef51764df0"}
,"/home/lucian/Documents/uni/SD/Funding-Website/middleware/asyncWrapper.js": {"path":"/home/lucian/Documents/uni/SD/Funding-Website/middleware/asyncWrapper.js","statementMap":{"0":{"start":{"line":1,"column":21},"end":{"line":10,"column":1}},"1":{"start":{"line":2,"column":4},"end":{"line":9,"column":5}},"2":{"start":{"line":3,"column":8},"end":{"line":8,"column":9}},"3":{"start":{"line":4,"column":12},"end":{"line":4,"column":31}},"4":{"start":{"line":6,"column":12},"end":{"line":6,"column":59}},"5":{"start":{"line":7,"column":12},"end":{"line":7,"column":39}},"6":{"start":{"line":12,"column":0},"end":{"line":12,"column":30}}},"fnMap":{"0":{"name":"(anonymous_0)","decl":{"start":{"line":1,"column":21},"end":{"line":1,"column":22}},"loc":{"start":{"line":1,"column":29},"end":{"line":10,"column":1}},"line":1},"1":{"name":"(anonymous_1)","decl":{"start":{"line":2,"column":11},"end":{"line":2,"column":12}},"loc":{"start":{"line":2,"column":37},"end":{"line":9,"column":5}},"line":2}},"branchMap":{},"s":{"0":3,"1":3,"2":18,"3":18,"4":0,"5":0,"6":3},"f":{"0":3,"1":18},"b":{},"_coverageSchema":"1a1c01bbd47fc00a2c39e90264f33305004495a9","hash":"4b6ce06a6caf1290767de24edaf186de2abde2c8"}
,"/home/lucian/Documents/uni/SD/Funding-Website/models/Applicant.js": {"path":"/home/lucian/Documents/uni/SD/Funding-Website/models/Applicant.js","statementMap":{"0":{"start":{"line":1,"column":17},"end":{"line":1,"column":36}},"1":{"start":{"line":3,"column":24},"end":{"line":21,"column":2}},"2":{"start":{"line":23,"column":0},"end":{"line":23,"column":62}}},"fnMap":{},"branchMap":{},"s":{"0":1,"1":1,"2":1},"f":{},"b":{},"_coverageSchema":"1a1c01bbd47fc00a2c39e90264f33305004495a9","hash":"8aee2df85c2b2bdb00c2ffd64226653520a67b2a"}
,"/home/lucian/Documents/uni/SD/Funding-Website/models/FundingManager.js": {"path":"/home/lucian/Documents/uni/SD/Funding-Website/models/FundingManager.js","statementMap":{"0":{"start":{"line":1,"column":17},"end":{"line":1,"column":36}},"1":{"start":{"line":2,"column":27},"end":{"line":2,"column":56}},"2":{"start":{"line":4,"column":29},"end":{"line":23,"column":2}},"3":{"start":{"line":25,"column":0},"end":{"line":25,"column":73}}},"fnMap":{},"branchMap":{},"s":{"0":1,"1":1,"2":1,"3":1},"f":{},"b":{},"_coverageSchema":"1a1c01bbd47fc00a2c39e90264f33305004495a9","hash":"043902ef6b0e72b00d81eeb6e9dee06d13923163"}
,"/home/lucian/Documents/uni/SD/Funding-Website/models/User.js": {"path":"/home/lucian/Documents/uni/SD/Funding-Website/models/User.js","statementMap":{"0":{"start":{"line":2,"column":55},"end":{"line":2,"column":84}},"1":{"start":{"line":3,"column":17},"end":{"line":3,"column":36}},"2":{"start":{"line":5,"column":19},"end":{"line":26,"column":2}},"3":{"start":{"line":28,"column":0},"end":{"line":28,"column":52}}},"fnMap":{},"branchMap":{},"s":{"0":3,"1":3,"2":3,"3":3},"f":{},"b":{},"_coverageSchema":"1a1c01bbd47fc00a2c39e90264f33305004495a9","hash":"c5956db832a7d58f7bde6ce09ccb6de02c440502"}
}
