TN:
SF:constants/roles.js
FNF:0
FNH:0
DA:1,3
DA:2,3
DA:3,3
DA:5,3
LF:4
LH:4
BRF:0
BRH:0
end_of_record
TN:
SF:controllers/loginController.js
FN:8,(anonymous_0)
FNF:1
FNH:1
FNDA:6,(anonymous_0)
DA:1,1
DA:2,1
DA:4,1
DA:6,1
DA:8,1
DA:10,6
DA:12,6
DA:13,3
DA:14,3
DA:17,3
DA:19,3
DA:20,1
DA:21,1
DA:26,2
DA:28,2
DA:39,2
DA:45,2
DA:48,1
DA:50,1
DA:53,1
LF:20
LH:20
BRDA:12,0,0,3
BRDA:12,0,1,3
BRDA:12,1,0,6
BRDA:12,1,1,4
BRDA:19,2,0,1
BRDA:19,2,1,2
BRF:6
BRH:6
end_of_record
TN:
SF:controllers/logoutController.js
FN:5,(anonymous_0)
FNF:1
FNH:1
FNDA:4,(anonymous_0)
DA:2,1
DA:3,1
DA:5,1
DA:7,4
DA:9,4
DA:10,1
DA:11,1
DA:13,3
DA:14,1
DA:15,1
DA:19,2
DA:21,2
DA:23,2
DA:24,1
DA:25,1
DA:26,1
DA:30,1
DA:31,1
DA:33,1
DA:34,1
DA:37,1
LF:21
LH:21
BRDA:9,0,0,1
BRDA:9,0,1,3
BRDA:13,1,0,1
BRDA:13,1,1,2
BRDA:23,2,0,1
BRDA:23,2,1,1
BRF:6
BRH:6
end_of_record
TN:
SF:controllers/registerController.js
FN:15,(anonymous_0)
FNF:1
FNH:1
FNDA:8,(anonymous_0)
DA:10,1
DA:11,1
DA:12,1
DA:13,1
DA:15,1
DA:16,8
DA:18,8
DA:19,7
DA:20,7
DA:23,1
DA:26,1
DA:27,1
DA:28,1
DA:32,0
DA:33,0
DA:39,0
DA:40,0
DA:47,0
DA:52,0
DA:53,0
DA:60,0
DA:63,1
LF:22
LH:14
BRDA:18,0,0,7
BRDA:18,0,1,1
BRDA:18,1,0,8
BRDA:18,1,1,4
BRDA:18,1,2,2
BRDA:26,2,0,1
BRDA:26,2,1,0
BRDA:32,3,0,0
BRDA:32,3,1,0
BRF:9
BRH:6
end_of_record
TN:
SF:middleware/asyncWrapper.js
FN:1,(anonymous_0)
FN:2,(anonymous_1)
FNF:2
FNH:2
FNDA:3,(anonymous_0)
FNDA:18,(anonymous_1)
DA:1,3
DA:2,3
DA:3,18
DA:4,18
DA:6,0
DA:7,0
DA:12,3
LF:7
LH:5
BRF:0
BRH:0
end_of_record
TN:
SF:models/Applicant.js
FNF:0
FNH:0
DA:1,1
DA:3,1
DA:23,1
LF:3
LH:3
BRF:0
BRH:0
end_of_record
TN:
SF:models/FundingManager.js
FNF:0
FNH:0
DA:1,1
DA:2,1
DA:4,1
DA:25,1
LF:4
LH:4
BRF:0
BRH:0
end_of_record
TN:
SF:models/User.js
FNF:0
FNH:0
DA:2,3
DA:3,3
DA:5,3
DA:28,3
LF:4
LH:4
BRF:0
BRH:0
end_of_record
